{"/Users/rita/JS_course/Course/Course/lesson 15/tests/calculator.js": {"path":"/Users/rita/JS_course/Course/Course/lesson 15/tests/calculator.js","all":false,"statementMap":{"0":{"start":{"line":1,"column":0},"end":{"line":1,"column":3}},"1":{"start":{"line":2,"column":0},"end":{"line":2,"column":2}},"2":{"start":{"line":3,"column":0},"end":{"line":3,"column":67}},"3":{"start":{"line":4,"column":0},"end":{"line":4,"column":20}},"4":{"start":{"line":5,"column":0},"end":{"line":5,"column":3}},"5":{"start":{"line":6,"column":0},"end":{"line":6,"column":0}},"6":{"start":{"line":7,"column":0},"end":{"line":7,"column":18}},"7":{"start":{"line":8,"column":0},"end":{"line":8,"column":19}},"8":{"start":{"line":9,"column":0},"end":{"line":9,"column":6}},"9":{"start":{"line":10,"column":0},"end":{"line":10,"column":7}},"10":{"start":{"line":11,"column":0},"end":{"line":11,"column":6}},"11":{"start":{"line":12,"column":0},"end":{"line":12,"column":6}},"12":{"start":{"line":13,"column":0},"end":{"line":13,"column":66}},"13":{"start":{"line":14,"column":0},"end":{"line":14,"column":38}},"14":{"start":{"line":15,"column":0},"end":{"line":15,"column":27}},"15":{"start":{"line":16,"column":0},"end":{"line":16,"column":7}},"16":{"start":{"line":17,"column":0},"end":{"line":17,"column":21}},"17":{"start":{"line":18,"column":0},"end":{"line":18,"column":23}},"18":{"start":{"line":19,"column":0},"end":{"line":19,"column":50}},"19":{"start":{"line":20,"column":0},"end":{"line":20,"column":33}},"20":{"start":{"line":21,"column":0},"end":{"line":21,"column":9}},"21":{"start":{"line":22,"column":0},"end":{"line":22,"column":0}},"22":{"start":{"line":23,"column":0},"end":{"line":23,"column":22}},"23":{"start":{"line":24,"column":0},"end":{"line":24,"column":6}},"24":{"start":{"line":25,"column":0},"end":{"line":25,"column":7}},"25":{"start":{"line":26,"column":0},"end":{"line":26,"column":6}},"26":{"start":{"line":27,"column":0},"end":{"line":27,"column":6}},"27":{"start":{"line":28,"column":0},"end":{"line":28,"column":73}},"28":{"start":{"line":29,"column":0},"end":{"line":29,"column":23}},"29":{"start":{"line":30,"column":0},"end":{"line":30,"column":27}},"30":{"start":{"line":31,"column":0},"end":{"line":31,"column":7}},"31":{"start":{"line":32,"column":0},"end":{"line":32,"column":26}},"32":{"start":{"line":33,"column":0},"end":{"line":33,"column":23}},"33":{"start":{"line":34,"column":0},"end":{"line":34,"column":50}},"34":{"start":{"line":35,"column":0},"end":{"line":35,"column":41}},"35":{"start":{"line":36,"column":0},"end":{"line":36,"column":9}},"36":{"start":{"line":37,"column":0},"end":{"line":37,"column":22}},"37":{"start":{"line":38,"column":0},"end":{"line":38,"column":6}},"38":{"start":{"line":39,"column":0},"end":{"line":39,"column":0}},"39":{"start":{"line":40,"column":0},"end":{"line":40,"column":38}},"40":{"start":{"line":41,"column":0},"end":{"line":41,"column":36}},"41":{"start":{"line":42,"column":0},"end":{"line":42,"column":5}},"42":{"start":{"line":43,"column":0},"end":{"line":43,"column":0}},"43":{"start":{"line":44,"column":0},"end":{"line":44,"column":31}},"44":{"start":{"line":45,"column":0},"end":{"line":45,"column":34}},"45":{"start":{"line":46,"column":0},"end":{"line":46,"column":5}},"46":{"start":{"line":47,"column":0},"end":{"line":47,"column":0}},"47":{"start":{"line":48,"column":0},"end":{"line":48,"column":38}},"48":{"start":{"line":49,"column":0},"end":{"line":49,"column":65}},"49":{"start":{"line":50,"column":0},"end":{"line":50,"column":5}},"50":{"start":{"line":51,"column":0},"end":{"line":51,"column":2}},"51":{"start":{"line":52,"column":0},"end":{"line":52,"column":0}},"52":{"start":{"line":53,"column":0},"end":{"line":53,"column":32}}},"s":{"0":1,"1":1,"2":1,"3":1,"4":1,"5":1,"6":1,"7":1,"8":1,"9":1,"10":1,"11":1,"12":1,"13":1,"14":1,"15":1,"16":1,"17":1,"18":1,"19":2,"20":2,"21":1,"22":1,"23":1,"24":1,"25":1,"26":1,"27":1,"28":1,"29":1,"30":1,"31":1,"32":1,"33":1,"34":2,"35":2,"36":1,"37":1,"38":1,"39":1,"40":1,"41":1,"42":1,"43":1,"44":1,"45":1,"46":1,"47":1,"48":2,"49":2,"50":1,"51":1,"52":1},"branchMap":{"0":{"type":"branch","line":8,"loc":{"start":{"line":8,"column":4},"end":{"line":9,"column":6}},"locations":[{"start":{"line":8,"column":4},"end":{"line":9,"column":6}}]},"1":{"type":"branch","line":17,"loc":{"start":{"line":17,"column":4},"end":{"line":24,"column":6}},"locations":[{"start":{"line":17,"column":4},"end":{"line":24,"column":6}}]},"2":{"type":"branch","line":19,"loc":{"start":{"line":19,"column":49},"end":{"line":21,"column":9}},"locations":[{"start":{"line":19,"column":49},"end":{"line":21,"column":9}}]},"3":{"type":"branch","line":32,"loc":{"start":{"line":32,"column":4},"end":{"line":38,"column":6}},"locations":[{"start":{"line":32,"column":4},"end":{"line":38,"column":6}}]},"4":{"type":"branch","line":34,"loc":{"start":{"line":34,"column":49},"end":{"line":36,"column":9}},"locations":[{"start":{"line":34,"column":49},"end":{"line":36,"column":9}}]},"5":{"type":"branch","line":40,"loc":{"start":{"line":40,"column":4},"end":{"line":42,"column":5}},"locations":[{"start":{"line":40,"column":4},"end":{"line":42,"column":5}}]},"6":{"type":"branch","line":44,"loc":{"start":{"line":44,"column":4},"end":{"line":46,"column":5}},"locations":[{"start":{"line":44,"column":4},"end":{"line":46,"column":5}}]},"7":{"type":"branch","line":48,"loc":{"start":{"line":48,"column":4},"end":{"line":50,"column":5}},"locations":[{"start":{"line":48,"column":4},"end":{"line":50,"column":5}}]}},"b":{"0":[1],"1":[1],"2":[2],"3":[1],"4":[2],"5":[1],"6":[1],"7":[2]},"fnMap":{"0":{"name":"Calculator","decl":{"start":{"line":8,"column":4},"end":{"line":9,"column":6}},"loc":{"start":{"line":8,"column":4},"end":{"line":9,"column":6}},"line":8},"1":{"name":"add","decl":{"start":{"line":17,"column":4},"end":{"line":24,"column":6}},"loc":{"start":{"line":17,"column":4},"end":{"line":24,"column":6}},"line":17},"2":{"name":"multiply","decl":{"start":{"line":32,"column":4},"end":{"line":38,"column":6}},"loc":{"start":{"line":32,"column":4},"end":{"line":38,"column":6}},"line":32},"3":{"name":"subtraction","decl":{"start":{"line":40,"column":4},"end":{"line":42,"column":5}},"loc":{"start":{"line":40,"column":4},"end":{"line":42,"column":5}},"line":40},"4":{"name":"divide","decl":{"start":{"line":44,"column":4},"end":{"line":46,"column":5}},"loc":{"start":{"line":44,"column":4},"end":{"line":46,"column":5}},"line":44},"5":{"name":"exponentiation","decl":{"start":{"line":48,"column":4},"end":{"line":50,"column":5}},"loc":{"start":{"line":48,"column":4},"end":{"line":50,"column":5}},"line":48}},"f":{"0":1,"1":1,"2":1,"3":1,"4":1,"5":2}}
}
