TN:
SF:tests/calculator.js
FN:8,Calculator
FN:17,add
FN:32,multiply
FN:40,subtraction
FN:44,divide
FN:48,exponentiation
FNF:6
FNH:6
FNDA:1,Calculator
FNDA:1,add
FNDA:1,multiply
FNDA:1,subtraction
FNDA:1,divide
FNDA:2,exponentiation
DA:1,1
DA:2,1
DA:3,1
DA:4,1
DA:5,1
DA:6,1
DA:7,1
DA:8,1
DA:9,1
DA:10,1
DA:11,1
DA:12,1
DA:13,1
DA:14,1
DA:15,1
DA:16,1
DA:17,1
DA:18,1
DA:19,1
DA:20,2
DA:21,2
DA:22,1
DA:23,1
DA:24,1
DA:25,1
DA:26,1
DA:27,1
DA:28,1
DA:29,1
DA:30,1
DA:31,1
DA:32,1
DA:33,1
DA:34,1
DA:35,2
DA:36,2
DA:37,1
DA:38,1
DA:39,1
DA:40,1
DA:41,1
DA:42,1
DA:43,1
DA:44,1
DA:45,1
DA:46,1
DA:47,1
DA:48,1
DA:49,2
DA:50,2
DA:51,1
DA:52,1
DA:53,1
LF:53
LH:53
BRDA:8,0,0,1
BRDA:17,1,0,1
BRDA:19,2,0,2
BRDA:32,3,0,1
BRDA:34,4,0,2
BRDA:40,5,0,1
BRDA:44,6,0,1
BRDA:48,7,0,2
BRF:8
BRH:8
end_of_record
